#
# There is insufficient memory for the Java Runtime Environment to continue.
# Native memory allocation (malloc) failed to allocate 825456 bytes for Chunk::new
# Possible reasons:
#   The system is out of physical RAM or swap space
#   In 32 bit mode, the process size limit was hit
# Possible solutions:
#   Reduce memory load on the system
#   Increase physical memory or swap space
#   Check if swap backing store is full
#   Use 64 bit Java on a 64 bit OS
#   Decrease Java heap size (-Xmx/-Xms)
#   Decrease number of Java threads
#   Decrease Java thread stack sizes (-Xss)
#   Set larger code cache with -XX:ReservedCodeCacheSize=
# This output file may be truncated or incomplete.
#
#  Out of Memory Error (allocation.cpp:390), pid=8212, tid=0x000000000000aef8
#
# JRE version: OpenJDK Runtime Environment (8.0_76-b03) (build 1.8.0_76-release-b03)
# Java VM: OpenJDK 64-Bit Server VM (25.76-b03 mixed mode windows-amd64 compressed oops)
# Failed to write core dump. Minidumps are not enabled by default on client versions of Windows
#

---------------  T H R E A D  ---------------

Current thread (0x0000000016649000):  JavaThread "C2 CompilerThread1" daemon [_thread_in_native, id=44792, stack(0x0000000016a10000,0x0000000016b10000)]

Stack: [0x0000000016a10000,0x0000000016b10000]
[error occurred during error reporting (printing stack bounds), id 0xc0000005]

Native frames: (J=compiled Java code, j=interpreted, Vv=VM code, C=native code)


Current CompileTask:
C2:   4475 1546   !   4       com.android.dx.cf.code.BytecodeArray::parseInstruction (2764 bytes)


---------------  P R O C E S S  ---------------

Java Threads: ( => current thread )
  0x00000000168ca000 JavaThread "pool-2-thread-4" [_thread_blocked, id=20724, stack(0x0000000017210000,0x0000000017310000)]
  0x00000000168c6800 JavaThread "pool-2-thread-3" [_thread_blocked, id=50188, stack(0x0000000017110000,0x0000000017210000)]
  0x00000000168f4800 JavaThread "pool-2-thread-2" [_thread_blocked, id=75724, stack(0x0000000017010000,0x0000000017110000)]
  0x00000000168f3000 JavaThread "pool-3-thread-1" [_thread_blocked, id=25984, stack(0x0000000016f10000,0x0000000017010000)]
  0x00000000168f0800 JavaThread "pool-2-thread-1" [_thread_in_Java, id=9428, stack(0x0000000016e10000,0x0000000016f10000)]
  0x0000000016678800 JavaThread "Service Thread" daemon [_thread_blocked, id=65076, stack(0x0000000016c10000,0x0000000016d10000)]
  0x0000000016671000 JavaThread "C1 CompilerThread2" daemon [_thread_blocked, id=57540, stack(0x0000000016b10000,0x0000000016c10000)]
=>0x0000000016649000 JavaThread "C2 CompilerThread1" daemon [_thread_in_native, id=44792, stack(0x0000000016a10000,0x0000000016b10000)]
  0x0000000014fe7800 JavaThread "C2 CompilerThread0" daemon [_thread_in_native, id=62320, stack(0x0000000016510000,0x0000000016610000)]
  0x0000000014fe6800 JavaThread "Attach Listener" daemon [_thread_blocked, id=45352, stack(0x0000000016410000,0x0000000016510000)]
  0x0000000014f9b000 JavaThread "Signal Dispatcher" daemon [_thread_blocked, id=32468, stack(0x0000000016310000,0x0000000016410000)]
  0x0000000014f78800 JavaThread "Finalizer" daemon [_thread_blocked, id=29928, stack(0x0000000016210000,0x0000000016310000)]
  0x00000000028b0000 JavaThread "Reference Handler" daemon [_thread_blocked, id=19604, stack(0x0000000016110000,0x0000000016210000)]
  0x00000000027c0800 JavaThread "main" [_thread_in_vm, id=64200, stack(0x00000000025e0000,0x00000000026e0000)]

Other Threads:
  0x0000000014f54800 VMThread [stack: 0x0000000016010000,0x0000000016110000] [id=54432]
  0x000000001667c000 WatcherThread [stack: 0x0000000016d10000,0x0000000016e10000] [id=50296]

VM state:not at safepoint (normal execution)

VM Mutex/Monitor currently owned by a thread: None

Heap:
 PSYoungGen      total 38400K, used 31644K [0x00000000eab00000, 0x00000000ef600000, 0x0000000100000000)
  eden space 33280K, 79% used [0x00000000eab00000,0x00000000ec4eed58,0x00000000ecb80000)
  from space 5120K, 99% used [0x00000000ed080000,0x00000000ed578518,0x00000000ed580000)
  to   space 5120K, 0% used [0x00000000ecb80000,0x00000000ecb80000,0x00000000ed080000)
 ParOldGen       total 87552K, used 7467K [0x00000000c0000000, 0x00000000c5580000, 0x00000000eab00000)
  object space 87552K, 8% used [0x00000000c0000000,0x00000000c074ad30,0x00000000c5580000)
 Metaspace       used 6292K, capacity 7092K, committed 7296K, reserved 1056768K
  class space    used 597K, capacity 620K, committed 640K, reserved 1048576K

Card table byte_map: [0x0000000011c80000,0x0000000011e90000] byte_map_base: 0x0000000011680000

Marking Bits: (ParMarkBitMap*) 0x0000000051489d00
 Begin Bits: [0x00000000123f0000, 0x00000000133f0000)
 End Bits:   [0x00000000133f0000, 0x00000000143f0000)

Polling page: 0x0000000000970000

CodeCache: size=245760Kb used=6335Kb max_used=6335Kb free=239424Kb
 bounds [0x00000000028c0000, 0x0000000002f00000, 0x00000000118c0000]
 total_blobs=1853 nmethods=1583 adapters=184
 compilation: enabled

Compilation events (10 events):
Event: 4.455 Thread 0x0000000016671000 1611       2       com.android.dx.dex.code.RopTranslator::translateAndGetResult (48 bytes)
Event: 4.455 Thread 0x0000000016671000 nmethod 1611 0x0000000002ef2410 code [0x0000000002ef25c0, 0x0000000002ef2958]
Event: 4.458 Thread 0x0000000016671000 1612       2       java.util.Arrays::copyOf (19 bytes)
Event: 4.458 Thread 0x0000000016671000 nmethod 1612 0x0000000002ef2bd0 code [0x0000000002ef2d40, 0x0000000002ef2fa8]
Event: 4.464 Thread 0x0000000016671000 1613       2       com.android.dx.rop.code.Insn$BaseVisitor::visitThrowingInsn (1 bytes)
Event: 4.464 Thread 0x0000000016671000 nmethod 1613 0x0000000002ef3090 code [0x0000000002ef31e0, 0x0000000002ef3330]
Event: 4.465 Thread 0x0000000016671000 1614       2       com.android.dx.ssa.back.FirstFitLocalCombiningAllocator::isEven (12 bytes)
Event: 4.465 Thread 0x0000000016671000 nmethod 1614 0x0000000002ef33d0 code [0x0000000002ef3520, 0x0000000002ef3670]
Event: 4.468 Thread 0x0000000016671000 1615       2       com.android.dx.rop.annotation.Annotations::add (75 bytes)
Event: 4.469 Thread 0x0000000016671000 nmethod 1615 0x0000000002ef3710 code [0x0000000002ef3900, 0x0000000002ef3f28]

GC Heap History (4 events):
Event: 3.239 GC heap before
{Heap before GC invocations=1 (full 0):
 PSYoungGen      total 38400K, used 33280K [0x00000000eab00000, 0x00000000ed580000, 0x0000000100000000)
  eden space 33280K, 100% used [0x00000000eab00000,0x00000000ecb80000,0x00000000ecb80000)
  from space 5120K, 0% used [0x00000000ed080000,0x00000000ed080000,0x00000000ed580000)
  to   space 5120K, 0% used [0x00000000ecb80000,0x00000000ecb80000,0x00000000ed080000)
 ParOldGen       total 87552K, used 0K [0x00000000c0000000, 0x00000000c5580000, 0x00000000eab00000)
  object space 87552K, 0% used [0x00000000c0000000,0x00000000c0000000,0x00000000c5580000)
 Metaspace       used 5974K, capacity 6896K, committed 7040K, reserved 1056768K
  class space    used 577K, capacity 616K, committed 640K, reserved 1048576K
Event: 3.306 GC heap after
Heap after GC invocations=1 (full 0):
 PSYoungGen      total 38400K, used 5119K [0x00000000eab00000, 0x00000000ed580000, 0x0000000100000000)
  eden space 33280K, 0% used [0x00000000eab00000,0x00000000eab00000,0x00000000ecb80000)
  from space 5120K, 99% used [0x00000000ecb80000,0x00000000ed07fca8,0x00000000ed080000)
  to   space 5120K, 0% used [0x00000000ed080000,0x00000000ed080000,0x00000000ed580000)
 ParOldGen       total 87552K, used 1741K [0x00000000c0000000, 0x00000000c5580000, 0x00000000eab00000)
  object space 87552K, 1% used [0x00000000c0000000,0x00000000c01b36e8,0x00000000c5580000)
 Metaspace       used 5974K, capacity 6896K, committed 7040K, reserved 1056768K
  class space    used 577K, capacity 616K, committed 640K, reserved 1048576K
}
Event: 3.994 GC heap before
{Heap before GC invocations=2 (full 0):
 PSYoungGen      total 38400K, used 38399K [0x00000000eab00000, 0x00000000ed580000, 0x0000000100000000)
  eden space 33280K, 100% used [0x00000000eab00000,0x00000000ecb80000,0x00000000ecb80000)
  from space 5120K, 99% used [0x00000000ecb80000,0x00000000ed07fca8,0x00000000ed080000)
  to   space 5120K, 0% used [0x00000000ed080000,0x00000000ed080000,0x00000000ed580000)
 ParOldGen       total 87552K, used 1741K [0x00000000c0000000, 0x00000000c5580000, 0x00000000eab00000)
  object space 87552K, 1% used [0x00000000c0000000,0x00000000c01b36e8,0x00000000c5580000)
 Metaspace       used 6126K, capacity 7024K, committed 7296K, reserved 1056768K
  class space    used 579K, capacity 616K, committed 640K, reserved 1048576K
Event: 4.010 GC heap after
Heap after GC invocations=2 (full 0):
 PSYoungGen      total 38400K, used 5089K [0x00000000eab00000, 0x00000000ef600000, 0x0000000100000000)
  eden space 33280K, 0% used [0x00000000eab00000,0x00000000eab00000,0x00000000ecb80000)
  from space 5120K, 99% used [0x00000000ed080000,0x00000000ed578518,0x00000000ed580000)
  to   space 5120K, 0% used [0x00000000ecb80000,0x00000000ecb80000,0x00000000ed080000)
 ParOldGen       total 87552K, used 7467K [0x00000000c0000000, 0x00000000c5580000, 0x00000000eab00000)
  object space 87552K, 8% used [0x00000000c0000000,0x00000000c074ad30,0x00000000c5580000)
 Metaspace       used 6126K, capacity 7024K, committed 7296K, reserved 1056768K
  class space    used 579K, capacity 616K, committed 640K, reserved 1048576K
}

Deoptimization events (10 events):
Event: 3.613 Thread 0x00000000168f4800 Uncommon trap: reason=unstable_if action=reinterpret pc=0x0000000002daf928 method=com.android.dx.rop.code.LocalItem.compareHandlesNulls(Lcom/android/dx/rop/cst/CstString;Lcom/android/dx/rop/cst/CstString;)I @ 8
Event: 4.020 Thread 0x00000000168f4800 Uncommon trap: reason=class_check action=maybe_recompile pc=0x0000000002e63f9c method=com.android.dx.cf.code.BytecodeArray.parseInstruction(ILcom/android/dx/cf/code/BytecodeArray$Visitor;)I @ 939
Event: 4.023 Thread 0x00000000168f4800 Uncommon trap: reason=class_check action=maybe_recompile pc=0x0000000002e63f9c method=com.android.dx.cf.code.BytecodeArray.parseInstruction(ILcom/android/dx/cf/code/BytecodeArray$Visitor;)I @ 939
Event: 4.023 Thread 0x00000000168f4800 Uncommon trap: reason=bimorphic action=maybe_recompile pc=0x0000000002e63eb0 method=com.android.dx.cf.code.BytecodeArray.parseInstruction(ILcom/android/dx/cf/code/BytecodeArray$Visitor;)I @ 907
Event: 4.023 Thread 0x00000000168f4800 Uncommon trap: reason=bimorphic action=maybe_recompile pc=0x0000000002e6424c method=com.android.dx.cf.code.BytecodeArray.parseInstruction(ILcom/android/dx/cf/code/BytecodeArray$Visitor;)I @ 1130
Event: 4.023 Thread 0x00000000168f4800 Uncommon trap: reason=bimorphic action=maybe_recompile pc=0x0000000002e63f3c method=com.android.dx.cf.code.BytecodeArray.parseInstruction(ILcom/android/dx/cf/code/BytecodeArray$Visitor;)I @ 923
Event: 4.023 Thread 0x00000000168f4800 Uncommon trap: reason=bimorphic action=maybe_recompile pc=0x0000000002e6424c method=com.android.dx.cf.code.BytecodeArray.parseInstruction(ILcom/android/dx/cf/code/BytecodeArray$Visitor;)I @ 1130
Event: 4.183 Thread 0x00000000168f4800 Uncommon trap: reason=unstable_if action=reinterpret pc=0x0000000002c625cc method=java.util.HashMap.putVal(ILjava/lang/Object;Ljava/lang/Object;ZZ)Ljava/lang/Object; @ 162
Event: 4.187 Thread 0x00000000168f4800 Uncommon trap: reason=unstable_if action=reinterpret pc=0x0000000002b7994c method=java.util.HashMap.getNode(ILjava/lang/Object;)Ljava/util/HashMap$Node; @ 84
Event: 4.343 Thread 0x00000000168c6800 Uncommon trap: reason=unstable_if action=reinterpret pc=0x0000000002db57ac method=java.util.HashMap.resize()[Ljava/util/HashMap$Node; @ 206

Internal exceptions (8 events):
Event: 0.093 Thread 0x00000000027c0800 Exception <a 'java/lang/NoSuchMethodError': Method sun.misc.Unsafe.defineClass(Ljava/lang/String;[BII)Ljava/lang/Class; name or signature does not match> (0x00000000eab07cc0) thrown at [C:\src\android\AOSP-openjdk\external\jetbrains\jdk\hotspot\src\share\v±×õõó·?
Event: 0.094 Thread 0x00000000027c0800 Exception <a 'java/lang/NoSuchMethodError': Method sun.misc.Unsafe.prefetchRead(Ljava/lang/Object;J)V name or signature does not match> (0x00000000eab07fa8) thrown at [C:\src\android\AOSP-openjdk\external\jetbrains\jdk\hotspot\src\share\vm\prims\jni.cpp, lkñ.pÆ@
Event: 2.347 Thread 0x00000000168c6800 Implicit null exception at 0x0000000002b8b457 to 0x0000000002b8dadd
Event: 2.357 Thread 0x00000000168c6800 Implicit null exception at 0x0000000002b7f10a to 0x0000000002b81509
Event: 3.613 Thread 0x00000000168f4800 Implicit null exception at 0x0000000002daf766 to 0x0000000002daf915
Event: 4.184 Thread 0x00000000168f4800 Exception <a 'java/lang/ArrayIndexOutOfBoundsException': 18> (0x00000000eacbc400) thrown at [C:\src\android\AOSP-openjdk\external\jetbrains\jdk\hotspot\src\share\vm\interpreter\interpreterRuntime.cpp, line 366]
Event: 4.185 Thread 0x00000000168f4800 Exception <a 'java/lang/ArrayIndexOutOfBoundsException'> (0x00000000eacbdf80) thrown at [C:\src\android\AOSP-openjdk\external\jetbrains\jdk\hotspot\src\share\vm\runtime\sharedRuntime.cpp, line 605]
Event: 4.186 Thread 0x00000000168f4800 Exception <a 'java/lang/ArrayIndexOutOfBoundsException'> (0x00000000eacbf268) thrown at [C:\src\android\AOSP-openjdk\external\jetbrains\jdk\hotspot\src\share\vm\runtime\sharedRuntime.cpp, line 605]

Events (10 events):
Event: 4.186 loading class sun/reflect/generics/reflectiveObjects/LazyReflectiveObjectGenerator done
Event: 4.186 loading class sun/reflect/generics/reflectiveObjects/TypeVariableImpl done
Event: 4.187 Thread 0x00000000168f4800 Uncommon trap: trap_request=0xffffff65 fr.pc=0x0000000002b7994c
Event: 4.187 Thread 0x00000000168f4800 DEOPT PACKING pc=0x0000000002b7994c sp=0x000000001710df50
Event: 4.187 Thread 0x00000000168f4800 DEOPT UNPACKING pc=0x000000000290556a sp=0x000000001710ded8 mode 2
Event: 4.273 Executing VM operation: EnableBiasedLocking
Event: 4.300 Executing VM operation: EnableBiasedLocking done
Event: 4.343 Thread 0x00000000168c6800 Uncommon trap: trap_request=0xffffff65 fr.pc=0x0000000002db57ac
Event: 4.343 Thread 0x00000000168c6800 DEOPT PACKING pc=0x0000000002db57ac sp=0x000000001720e7a0
Event: 4.343 Thread 0x00000000168c6800 DEOPT UNPACKING pc=0x000000000290556a sp=0x000000001720e708 mode 2


Dynamic libraries:
0x00007ff6676c0000 - 0x00007ff6676f1000 	E:\Program Files\Android\Android Studio\jre\bin\java.exe
0x00007ffb035a0000 - 0x00007ffb03761000 	C:\Windows\SYSTEM32\ntdll.dll
0x00007ffb01590000 - 0x00007ffb0163d000 	C:\Windows\system32\KERNEL32.DLL
0x00007ffb00290000 - 0x00007ffb0046d000 	C:\Windows\system32\KERNELBASE.dll
0x00007ffb01cb0000 - 0x00007ffb01d56000 	C:\Windows\system32\ADVAPI32.dll
0x00007ffb01d60000 - 0x00007ffb01dfd000 	C:\Windows\system32\msvcrt.dll
0x00007ffb01520000 - 0x00007ffb0157b000 	C:\Windows\system32\sechost.dll
0x00007ffb01b80000 - 0x00007ffb01ca6000 	C:\Windows\system32\RPCRT4.dll
0x00007ffb03450000 - 0x00007ffb0359e000 	C:\Windows\system32\USER32.dll
0x00007ffb019d0000 - 0x00007ffb01b56000 	C:\Windows\system32\GDI32.dll
0x00007ffaf9f70000 - 0x00007ffafa1e4000 	C:\Windows\WinSxS\amd64_microsoft.windows.common-controls_6595b64144ccf1df_6.0.10240.16384_none_f41f7b285750ef43\COMCTL32.dll
0x00007ffb00c70000 - 0x00007ffb00ca6000 	C:\Windows\system32\IMM32.DLL
0x00007ffb01870000 - 0x00007ffb019cc000 	C:\Windows\system32\MSCTF.dll
0x00000000520f0000 - 0x00000000521c2000 	E:\Program Files\Android\Android Studio\jre\jre\bin\msvcr100.dll
0x0000000050cd0000 - 0x0000000051504000 	E:\Program Files\Android\Android Studio\jre\jre\bin\server\jvm.dll
0x00007ffb01460000 - 0x00007ffb01468000 	C:\Windows\system32\PSAPI.DLL
0x00007ffafe700000 - 0x00007ffafe709000 	C:\Windows\SYSTEM32\WSOCK32.dll
0x00007ffb013f0000 - 0x00007ffb01459000 	C:\Windows\system32\WS2_32.dll
0x00007ffb01580000 - 0x00007ffb01588000 	C:\Windows\system32\NSI.dll
0x00007ffafe540000 - 0x00007ffafe563000 	C:\Windows\SYSTEM32\WINMM.dll
0x00007ffafcf20000 - 0x00007ffafcf2a000 	C:\Windows\SYSTEM32\VERSION.dll
0x00007ffafe220000 - 0x00007ffafe24c000 	C:\Windows\SYSTEM32\WINMMBASE.dll
0x00007ffb00070000 - 0x00007ffb000b4000 	C:\Windows\system32\cfgmgr32.dll
0x00007ffafe940000 - 0x00007ffafe967000 	C:\Windows\SYSTEM32\DEVOBJ.dll
0x00007ffafdb20000 - 0x00007ffafdb2f000 	E:\Program Files\Android\Android Studio\jre\jre\bin\verify.dll
0x00007ffaf5660000 - 0x00007ffaf5689000 	E:\Program Files\Android\Android Studio\jre\jre\bin\java.dll
0x00007ffafda20000 - 0x00007ffafda36000 	E:\Program Files\Android\Android Studio\jre\jre\bin\zip.dll
0x00007ffb01f20000 - 0x00007ffb03442000 	C:\Windows\system32\SHELL32.dll
0x00007ffb00640000 - 0x00007ffb00c68000 	C:\Windows\system32\windows.storage.dll
0x00007ffb00e60000 - 0x00007ffb010dc000 	C:\Windows\system32\combase.dll
0x00007ffb01150000 - 0x00007ffb011a1000 	C:\Windows\system32\shlwapi.dll
0x00007ffb00060000 - 0x00007ffb0006f000 	C:\Windows\system32\kernel.appcore.dll
0x00007ffb00170000 - 0x00007ffb00223000 	C:\Windows\system32\shcore.dll
0x00007ffaffff0000 - 0x00007ffb0003a000 	C:\Windows\system32\powrprof.dll
0x00007ffb00040000 - 0x00007ffb00053000 	C:\Windows\system32\profapi.dll

VM Arguments:
jvm_args: -Djava.awt.headless=true -Xmx1024M -Dfile.encoding=GBK -Duser.country=CN -Duser.language=zh -Duser.variant 
java_command: com.android.dx.command.Main --dex --force-jumbo --num-threads=4 --multi-dex --output E:\B\android-dnote8\app\build\intermediates\transforms\dex\debug\folders\1000\2\okhttp-2.6.0-leancloud_ab42b4113893998ef734f2ef343f0493adc316b8 E:\B\android-dnote8\app\libs\okhttp-2.6.0-leancloud.jar
java_class_path (initial): D:\SDK_1\build-tools\25.0.2\lib\dx.jar
Launcher Type: SUN_STANDARD

Environment Variables:
JAVA_HOME=E:\Program Files\Java\jdk1.7.0_01
CLASSPATH=.;E:\Program Files\Java\jdk1.7.0_01\lib\dt.jar;E:\Program Files\Java\jdk1.7.0_01\lib\tools.jar
PATH=;E:\Program Files\Java\jdk1.7.0_01\bin
USERNAME=hp
OS=Windows_NT
PROCESSOR_IDENTIFIER=Intel64 Family 6 Model 69 Stepping 1, GenuineIntel



---------------  S Y S T E M  ---------------

OS: Windows 10.0 , 64 bit Build 10240 (10.0.10240.16384)

CPU:total 4 (2 cores per cpu, 2 threads per core) family 6 model 69 stepping 1, cmov, cx8, fxsr, mmx, sse, sse2, sse3, ssse3, sse4.1, sse4.2, popcnt, avx, avx2, aes, clmul, erms, lzcnt, ht, tsc, tscinvbit, bmi1, bmi2

Memory: 4k page, physical 8317080k(541784k free), swap 22969492k(5228k free)

vm_info: OpenJDK 64-Bit Server VM (25.76-b03) for windows-amd64 JRE (1.8.0_76-release-b03), built on Jun 29 2016 19:09:20 by "ralucas" with MS VC++ 10.0 (VS2010)

time: Sun Jun 18 11:57:42 2017
elapsed time: 4 seconds (0d 0h 0m 4s)

