#
# There is insufficient memory for the Java Runtime Environment to continue.
# Native memory allocation (malloc) failed to allocate 516672 bytes for Chunk::new
# Possible reasons:
#   The system is out of physical RAM or swap space
#   In 32 bit mode, the process size limit was hit
# Possible solutions:
#   Reduce memory load on the system
#   Increase physical memory or swap space
#   Check if swap backing store is full
#   Use 64 bit Java on a 64 bit OS
#   Decrease Java heap size (-Xmx/-Xms)
#   Decrease number of Java threads
#   Decrease Java thread stack sizes (-Xss)
#   Set larger code cache with -XX:ReservedCodeCacheSize=
# This output file may be truncated or incomplete.
#
#  Out of Memory Error (allocation.cpp:390), pid=4808, tid=0x00000000000043cc
#
# JRE version: OpenJDK Runtime Environment (8.0_76-b03) (build 1.8.0_76-release-b03)
# Java VM: OpenJDK 64-Bit Server VM (25.76-b03 mixed mode windows-amd64 compressed oops)
# Failed to write core dump. Minidumps are not enabled by default on client versions of Windows
#

---------------  T H R E A D  ---------------

Current thread (0x0000000014d97800):  JavaThread "C2 CompilerThread0" daemon [_thread_in_native, id=17356, stack(0x0000000016290000,0x0000000016390000)]

Stack: [0x0000000016290000,0x0000000016390000]
[error occurred during error reporting (printing stack bounds), id 0xc0000005]

Native frames: (J=compiled Java code, j=interpreted, Vv=VM code, C=native code)


Current CompileTask:
C2:   1870 1237       4       com.android.dx.ssa.LocalVariableExtractor::processBlock (383 bytes)


---------------  P R O C E S S  ---------------

Java Threads: ( => current thread )
  0x000000001676c000 JavaThread "pool-2-thread-4" [_thread_in_Java, id=6812, stack(0x0000000016f90000,0x0000000017090000)]
  0x0000000016769800 JavaThread "pool-2-thread-3" [_thread_in_Java, id=74908, stack(0x0000000016e90000,0x0000000016f90000)]
  0x0000000016768800 JavaThread "pool-2-thread-2" [_thread_in_vm, id=3784, stack(0x0000000016d90000,0x0000000016e90000)]
  0x0000000016766000 JavaThread "pool-3-thread-1" [_thread_blocked, id=42108, stack(0x0000000016c90000,0x0000000016d90000)]
  0x0000000016765000 JavaThread "pool-2-thread-1" [_thread_in_Java, id=65132, stack(0x0000000016b90000,0x0000000016c90000)]
  0x00000000164ec800 JavaThread "Service Thread" daemon [_thread_blocked, id=22824, stack(0x0000000016990000,0x0000000016a90000)]
  0x0000000014d9e000 JavaThread "C1 CompilerThread2" daemon [_thread_in_native, id=18684, stack(0x0000000016890000,0x0000000016990000)]
  0x0000000014d9a000 JavaThread "C2 CompilerThread1" daemon [_thread_in_native, id=35548, stack(0x0000000016390000,0x0000000016490000)]
=>0x0000000014d97800 JavaThread "C2 CompilerThread0" daemon [_thread_in_native, id=17356, stack(0x0000000016290000,0x0000000016390000)]
  0x0000000014d96800 JavaThread "Attach Listener" daemon [_thread_blocked, id=59696, stack(0x0000000016190000,0x0000000016290000)]
  0x0000000014d4b000 JavaThread "Signal Dispatcher" daemon [_thread_blocked, id=55860, stack(0x0000000016090000,0x0000000016190000)]
  0x0000000014d28800 JavaThread "Finalizer" daemon [_thread_blocked, id=53200, stack(0x0000000015f90000,0x0000000016090000)]
  0x000000000265f800 JavaThread "Reference Handler" daemon [_thread_blocked, id=31548, stack(0x0000000015e90000,0x0000000015f90000)]
  0x0000000002570800 JavaThread "main" [_thread_in_Java, id=55752, stack(0x00000000022a0000,0x00000000023a0000)]

Other Threads:
  0x0000000014d04000 VMThread [stack: 0x0000000015d90000,0x0000000015e90000] [id=44528]
  0x00000000164ef800 WatcherThread [stack: 0x0000000016a90000,0x0000000016b90000] [id=12844]

VM state:not at safepoint (normal execution)

VM Mutex/Monitor currently owned by a thread:  ([mutex/lock_event])
[0x000000000246b370] CodeCache_lock - owner thread: 0x0000000000000000

Heap:
 PSYoungGen      total 38400K, used 28482K [0x00000000eab00000, 0x00000000ef600000, 0x0000000100000000)
  eden space 33280K, 70% used [0x00000000eab00000,0x00000000ec1d0f70,0x00000000ecb80000)
  from space 5120K, 99% used [0x00000000ecb80000,0x00000000ed07f9d8,0x00000000ed080000)
  to   space 5120K, 0% used [0x00000000ef100000,0x00000000ef100000,0x00000000ef600000)
 ParOldGen       total 87552K, used 2422K [0x00000000c0000000, 0x00000000c5580000, 0x00000000eab00000)
  object space 87552K, 2% used [0x00000000c0000000,0x00000000c025da50,0x00000000c5580000)
 Metaspace       used 6079K, capacity 7024K, committed 7296K, reserved 1056768K
  class space    used 577K, capacity 616K, committed 640K, reserved 1048576K

Card table byte_map: [0x0000000011a30000,0x0000000011c40000] byte_map_base: 0x0000000011430000

Marking Bits: (ParMarkBitMap*) 0x0000000051489d00
 Begin Bits: [0x00000000121a0000, 0x00000000131a0000)
 End Bits:   [0x00000000131a0000, 0x00000000141a0000)

Polling page: 0x0000000001f20000

CodeCache: size=245760Kb used=5428Kb max_used=5428Kb free=240331Kb
 bounds [0x0000000002670000, 0x0000000002bd0000, 0x0000000011670000]
 total_blobs=1640 nmethods=1369 adapters=184
 compilation: enabled

Compilation events (10 events):
Event: 1.865 Thread 0x0000000014d9e000 nmethod 1381 0x0000000002bbad10 code [0x0000000002bbae80, 0x0000000002bbb088]
Event: 1.866 Thread 0x0000000014d9e000 1383       2       com.android.dx.dex.file.IndexedItem::<init> (10 bytes)
Event: 1.866 Thread 0x0000000014d9e000 nmethod 1383 0x0000000002bbb190 code [0x0000000002bbb2e0, 0x0000000002bbb430]
Event: 1.866 Thread 0x0000000014d9e000 1384 %     3       com.android.dx.ssa.SsaMethod::buildUseList @ 82 (112 bytes)
Event: 1.868 Thread 0x0000000014d9e000 nmethod 1384% 0x0000000002bbb4d0 code [0x0000000002bbb760, 0x0000000002bbcab8]
Event: 1.868 Thread 0x0000000014d9e000 1385       2       com.android.dx.rop.cst.CstBaseMethodRef::isClassInit (8 bytes)
Event: 1.868 Thread 0x0000000014d9e000 nmethod 1385 0x0000000002bbd550 code [0x0000000002bbd6c0, 0x0000000002bbd848]
Event: 1.868 Thread 0x0000000014d9e000 1386       2       com.android.dx.rop.cst.CstNat::isClassInit (13 bytes)
Event: 1.868 Thread 0x0000000014d9e000 nmethod 1386 0x0000000002bbd990 code [0x0000000002bbdb00, 0x0000000002bbdc88]
Event: 1.868 Thread 0x0000000014d9e000 1388       2       com.android.dx.rop.cst.CstString::<init> (42 bytes)

GC Heap History (2 events):
Event: 1.573 GC heap before
{Heap before GC invocations=1 (full 0):
 PSYoungGen      total 38400K, used 33280K [0x00000000eab00000, 0x00000000ed580000, 0x0000000100000000)
  eden space 33280K, 100% used [0x00000000eab00000,0x00000000ecb80000,0x00000000ecb80000)
  from space 5120K, 0% used [0x00000000ed080000,0x00000000ed080000,0x00000000ed580000)
  to   space 5120K, 0% used [0x00000000ecb80000,0x00000000ecb80000,0x00000000ed080000)
 ParOldGen       total 87552K, used 0K [0x00000000c0000000, 0x00000000c5580000, 0x00000000eab00000)
  object space 87552K, 0% used [0x00000000c0000000,0x00000000c0000000,0x00000000c5580000)
 Metaspace       used 5907K, capacity 6832K, committed 7040K, reserved 1056768K
  class space    used 573K, capacity 616K, committed 640K, reserved 1048576K
Event: 1.624 GC heap after
Heap after GC invocations=1 (full 0):
 PSYoungGen      total 38400K, used 5118K [0x00000000eab00000, 0x00000000ef600000, 0x0000000100000000)
  eden space 33280K, 0% used [0x00000000eab00000,0x00000000eab00000,0x00000000ecb80000)
  from space 5120K, 99% used [0x00000000ecb80000,0x00000000ed07f9d8,0x00000000ed080000)
  to   space 5120K, 0% used [0x00000000ef100000,0x00000000ef100000,0x00000000ef600000)
 ParOldGen       total 87552K, used 2422K [0x00000000c0000000, 0x00000000c5580000, 0x00000000eab00000)
  object space 87552K, 2% used [0x00000000c0000000,0x00000000c025da50,0x00000000c5580000)
 Metaspace       used 5907K, capacity 6832K, committed 7040K, reserved 1056768K
  class space    used 573K, capacity 616K, committed 640K, reserved 1048576K
}

Deoptimization events (10 events):
Event: 1.297 Thread 0x0000000016765000 Uncommon trap: reason=class_check action=maybe_recompile pc=0x00000000029830f8 method=com.android.dx.ssa.NormalSsaInsn.accept(Lcom/android/dx/ssa/SsaInsn$Visitor;)V @ 9
Event: 1.309 Thread 0x000000001676c000 Uncommon trap: reason=class_check action=maybe_recompile pc=0x0000000002995a2c method=com.android.dx.ssa.NormalSsaInsn.accept(Lcom/android/dx/ssa/SsaInsn$Visitor;)V @ 9
Event: 1.309 Thread 0x000000001676c000 Uncommon trap: reason=class_check action=maybe_recompile pc=0x00000000029830f8 method=com.android.dx.ssa.NormalSsaInsn.accept(Lcom/android/dx/ssa/SsaInsn$Visitor;)V @ 9
Event: 1.380 Thread 0x000000001676c000 Uncommon trap: reason=unstable_if action=reinterpret pc=0x00000000028c2d34 method=java.util.BitSet.ensureCapacity(I)V @ 6
Event: 1.462 Thread 0x0000000002570800 Uncommon trap: reason=null_check action=make_not_entrant pc=0x0000000002a55168 method=com.android.dx.rop.type.Type.equals(Ljava/lang/Object;)Z @ 8
Event: 1.493 Thread 0x0000000002570800 Uncommon trap: reason=bimorphic action=maybe_recompile pc=0x00000000028df494 method=java.util.HashMap.getNode(ILjava/lang/Object;)Ljava/util/HashMap$Node; @ 126
Event: 1.506 Thread 0x0000000002570800 Uncommon trap: reason=unstable_if action=reinterpret pc=0x00000000028df4bc method=com.android.dx.rop.code.RegisterSpec.equals(ILcom/android/dx/rop/type/TypeBearer;Lcom/android/dx/rop/code/LocalItem;)Z @ 16
Event: 1.703 Thread 0x0000000016765000 Uncommon trap: reason=unstable_if action=reinterpret pc=0x0000000002b16ec8 method=com.android.dx.cf.code.BytecodeArray.parseInstruction(ILcom/android/dx/cf/code/BytecodeArray$Visitor;)I @ 1198
Event: 1.749 Thread 0x0000000002570800 Uncommon trap: reason=unstable_if action=reinterpret pc=0x00000000029b0fbc method=com.android.dx.rop.code.RegisterSpec.equals(ILcom/android/dx/rop/type/TypeBearer;Lcom/android/dx/rop/code/LocalItem;)Z @ 42
Event: 1.840 Thread 0x0000000016765000 Uncommon trap: reason=unstable_if action=reinterpret pc=0x0000000002a9a13c method=com.android.dx.util.IntList.binarysearch(I)I @ 105

Internal exceptions (3 events):
Event: 0.060 Thread 0x0000000002570800 Exception <a 'java/lang/NoSuchMethodError': Method sun.misc.Unsafe.defineClass(Ljava/lang/String;[BII)Ljava/lang/Class; name or signature does not match> (0x00000000eab07cc0) thrown at [C:\src\android\AOSP-openjdk\external\jetbrains\jdk\hotspot\src\share\v½ôk¿®?
Event: 0.060 Thread 0x0000000002570800 Exception <a 'java/lang/NoSuchMethodError': Method sun.misc.Unsafe.prefetchRead(Ljava/lang/Object;J)V name or signature does not match> (0x00000000eab07fa8) thrown at [C:\src\android\AOSP-openjdk\external\jetbrains\jdk\hotspot\src\share\vm\prims\jni.cpp, l¶ëñ¾ìd÷?
Event: 1.462 Thread 0x0000000002570800 Implicit null exception at 0x0000000002a55062 to 0x0000000002a5515a

Events (10 events):
Event: 1.814 loading class com/android/dx/cf/attrib/AttRuntimeVisibleAnnotations done
Event: 1.814 loading class com/android/dx/cf/attrib/BaseAnnotations
Event: 1.814 loading class com/android/dx/cf/attrib/BaseAnnotations done
Event: 1.815 loading class com/android/dx/cf/attrib/AttEnclosingMethod
Event: 1.815 loading class com/android/dx/cf/attrib/AttEnclosingMethod done
Event: 1.840 Thread 0x0000000016765000 Uncommon trap: trap_request=0xffffff65 fr.pc=0x0000000002a9a13c
Event: 1.840 Thread 0x0000000016765000 DEOPT PACKING pc=0x0000000002a9a13c sp=0x0000000016c8e850
Event: 1.840 Thread 0x0000000016765000 DEOPT UNPACKING pc=0x00000000026b556a sp=0x0000000016c8e7c8 mode 2
Event: 1.853 Thread 0x0000000016765000 DEOPT PACKING pc=0x0000000002aca81b sp=0x0000000016c8ea30
Event: 1.853 Thread 0x0000000016765000 DEOPT UNPACKING pc=0x00000000026b75bf sp=0x0000000016c8e798 mode 0


Dynamic libraries:
0x00007ff6676c0000 - 0x00007ff6676f1000 	E:\Program Files\Android\Android Studio\jre\bin\java.exe
0x00007ffb035a0000 - 0x00007ffb03761000 	C:\Windows\SYSTEM32\ntdll.dll
0x00007ffb01590000 - 0x00007ffb0163d000 	C:\Windows\system32\KERNEL32.DLL
0x00007ffb00290000 - 0x00007ffb0046d000 	C:\Windows\system32\KERNELBASE.dll
0x00007ffb01cb0000 - 0x00007ffb01d56000 	C:\Windows\system32\ADVAPI32.dll
0x00007ffb01d60000 - 0x00007ffb01dfd000 	C:\Windows\system32\msvcrt.dll
0x00007ffb01520000 - 0x00007ffb0157b000 	C:\Windows\system32\sechost.dll
0x00007ffb01b80000 - 0x00007ffb01ca6000 	C:\Windows\system32\RPCRT4.dll
0x00007ffb03450000 - 0x00007ffb0359e000 	C:\Windows\system32\USER32.dll
0x00007ffb019d0000 - 0x00007ffb01b56000 	C:\Windows\system32\GDI32.dll
0x00007ffaf9f70000 - 0x00007ffafa1e4000 	C:\Windows\WinSxS\amd64_microsoft.windows.common-controls_6595b64144ccf1df_6.0.10240.16384_none_f41f7b285750ef43\COMCTL32.dll
0x00007ffb00c70000 - 0x00007ffb00ca6000 	C:\Windows\system32\IMM32.DLL
0x00007ffb01870000 - 0x00007ffb019cc000 	C:\Windows\system32\MSCTF.dll
0x00000000520f0000 - 0x00000000521c2000 	E:\Program Files\Android\Android Studio\jre\jre\bin\msvcr100.dll
0x0000000050cd0000 - 0x0000000051504000 	E:\Program Files\Android\Android Studio\jre\jre\bin\server\jvm.dll
0x00007ffb01460000 - 0x00007ffb01468000 	C:\Windows\system32\PSAPI.DLL
0x00007ffafe700000 - 0x00007ffafe709000 	C:\Windows\SYSTEM32\WSOCK32.dll
0x00007ffb013f0000 - 0x00007ffb01459000 	C:\Windows\system32\WS2_32.dll
0x00007ffb01580000 - 0x00007ffb01588000 	C:\Windows\system32\NSI.dll
0x00007ffafe540000 - 0x00007ffafe563000 	C:\Windows\SYSTEM32\WINMM.dll
0x00007ffafcf20000 - 0x00007ffafcf2a000 	C:\Windows\SYSTEM32\VERSION.dll
0x00007ffafe220000 - 0x00007ffafe24c000 	C:\Windows\SYSTEM32\WINMMBASE.dll
0x00007ffb00070000 - 0x00007ffb000b4000 	C:\Windows\system32\cfgmgr32.dll
0x00007ffafe940000 - 0x00007ffafe967000 	C:\Windows\SYSTEM32\DEVOBJ.dll
0x00007ffafdb20000 - 0x00007ffafdb2f000 	E:\Program Files\Android\Android Studio\jre\jre\bin\verify.dll
0x00007ffaf5660000 - 0x00007ffaf5689000 	E:\Program Files\Android\Android Studio\jre\jre\bin\java.dll
0x00007ffafda20000 - 0x00007ffafda36000 	E:\Program Files\Android\Android Studio\jre\jre\bin\zip.dll
0x00007ffb01f20000 - 0x00007ffb03442000 	C:\Windows\system32\SHELL32.dll
0x00007ffb00640000 - 0x00007ffb00c68000 	C:\Windows\system32\windows.storage.dll
0x00007ffb00e60000 - 0x00007ffb010dc000 	C:\Windows\system32\combase.dll
0x00007ffb01150000 - 0x00007ffb011a1000 	C:\Windows\system32\shlwapi.dll
0x00007ffb00060000 - 0x00007ffb0006f000 	C:\Windows\system32\kernel.appcore.dll
0x00007ffb00170000 - 0x00007ffb00223000 	C:\Windows\system32\shcore.dll
0x00007ffaffff0000 - 0x00007ffb0003a000 	C:\Windows\system32\powrprof.dll
0x00007ffb00040000 - 0x00007ffb00053000 	C:\Windows\system32\profapi.dll

VM Arguments:
jvm_args: -Djava.awt.headless=true -Xmx1024M -Dfile.encoding=GBK -Duser.country=CN -Duser.language=zh -Duser.variant 
java_command: com.android.dx.command.Main --dex --force-jumbo --num-threads=4 --multi-dex --output E:\B\android-dnote8\app\build\intermediates\transforms\dex\debug\folders\1000\2\fastjson-1.2.30_c63ab0ccefeb8ebad49a646bc248f1b823b3c669 E:\B\android-dnote8\app\libs\fastjson-1.2.30.jar
java_class_path (initial): D:\SDK_1\build-tools\25.0.2\lib\dx.jar
Launcher Type: SUN_STANDARD

Environment Variables:
JAVA_HOME=E:\Program Files\Java\jdk1.7.0_01
CLASSPATH=.;E:\Program Files\Java\jdk1.7.0_01\lib\dt.jar;E:\Program Files\Java\jdk1.7.0_01\lib\tools.jar
PATH=;E:\Program Files\Java\jdk1.7.0_01\bin
USERNAME=hp
OS=Windows_NT
PROCESSOR_IDENTIFIER=Intel64 Family 6 Model 69 Stepping 1, GenuineIntel



---------------  S Y S T E M  ---------------

OS: Windows 10.0 , 64 bit Build 10240 (10.0.10240.16384)

CPU:total 4 (2 cores per cpu, 2 threads per core) family 6 model 69 stepping 1, cmov, cx8, fxsr, mmx, sse, sse2, sse3, ssse3, sse4.1, sse4.2, popcnt, avx, avx2, aes, clmul, erms, lzcnt, ht, tsc, tscinvbit, bmi1, bmi2

Memory: 4k page, physical 8317080k(666760k free), swap 22969492k(5208k free)

vm_info: OpenJDK 64-Bit Server VM (25.76-b03) for windows-amd64 JRE (1.8.0_76-release-b03), built on Jun 29 2016 19:09:20 by "ralucas" with MS VC++ 10.0 (VS2010)

time: Sun Jun 18 11:57:33 2017
elapsed time: 1 seconds (0d 0h 0m 1s)

