#
# There is insufficient memory for the Java Runtime Environment to continue.
# Native memory allocation (malloc) failed to allocate 32744 bytes for ChunkPool::allocate
# Possible reasons:
#   The system is out of physical RAM or swap space
#   In 32 bit mode, the process size limit was hit
# Possible solutions:
#   Reduce memory load on the system
#   Increase physical memory or swap space
#   Check if swap backing store is full
#   Use 64 bit Java on a 64 bit OS
#   Decrease Java heap size (-Xmx/-Xms)
#   Decrease number of Java threads
#   Decrease Java thread stack sizes (-Xss)
#   Set larger code cache with -XX:ReservedCodeCacheSize=
# This output file may be truncated or incomplete.
#
#  Out of Memory Error (allocation.cpp:273), pid=48900, tid=0x00000000000091d0
#
# JRE version: OpenJDK Runtime Environment (8.0_76-b03) (build 1.8.0_76-release-b03)
# Java VM: OpenJDK 64-Bit Server VM (25.76-b03 mixed mode windows-amd64 compressed oops)
# Failed to write core dump. Minidumps are not enabled by default on client versions of Windows
#

---------------  T H R E A D  ---------------

Current thread (0x0000000016b34000):  JavaThread "C1 CompilerThread2" daemon [_thread_in_native, id=37328, stack(0x0000000016fe0000,0x00000000170e0000)]

Stack: [0x0000000016fe0000,0x00000000170e0000]
[error occurred during error reporting (printing stack bounds), id 0xc0000005]

Native frames: (J=compiled Java code, j=interpreted, Vv=VM code, C=native code)


Current CompileTask:
C1:   1021  432   !   3       com.android.dx.cf.code.BytecodeArray::parseInstruction (2764 bytes)


---------------  P R O C E S S  ---------------

Java Threads: ( => current thread )
  0x0000000016d75000 JavaThread "pool-2-thread-4" [_thread_in_Java, id=69108, stack(0x00000000176e0000,0x00000000177e0000)]
  0x0000000016d73800 JavaThread "pool-2-thread-3" [_thread_in_Java, id=16276, stack(0x00000000175e0000,0x00000000176e0000)]
  0x0000000016d73000 JavaThread "pool-2-thread-2" [_thread_in_Java, id=38932, stack(0x00000000174e0000,0x00000000175e0000)]
  0x0000000016c7b800 JavaThread "pool-3-thread-1" [_thread_blocked, id=24712, stack(0x00000000173e0000,0x00000000174e0000)]
  0x0000000016c7a800 JavaThread "pool-2-thread-1" [_thread_blocked, id=53216, stack(0x00000000172e0000,0x00000000173e0000)]
  0x0000000016b39800 JavaThread "Service Thread" daemon [_thread_blocked, id=73572, stack(0x00000000170e0000,0x00000000171e0000)]
=>0x0000000016b34000 JavaThread "C1 CompilerThread2" daemon [_thread_in_native, id=37328, stack(0x0000000016fe0000,0x00000000170e0000)]
  0x0000000016b29000 JavaThread "C2 CompilerThread1" daemon [_thread_blocked, id=55856, stack(0x0000000016ee0000,0x0000000016fe0000)]
  0x00000000154e8000 JavaThread "C2 CompilerThread0" daemon [_thread_blocked, id=41184, stack(0x00000000169e0000,0x0000000016ae0000)]
  0x00000000154e6800 JavaThread "Attach Listener" daemon [_thread_blocked, id=39136, stack(0x00000000168e0000,0x00000000169e0000)]
  0x000000001549c000 JavaThread "Signal Dispatcher" daemon [_thread_blocked, id=26100, stack(0x00000000167e0000,0x00000000168e0000)]
  0x0000000002dba800 JavaThread "Finalizer" daemon [_thread_blocked, id=55736, stack(0x00000000166e0000,0x00000000167e0000)]
  0x0000000002db0000 JavaThread "Reference Handler" daemon [_thread_blocked, id=71652, stack(0x00000000165e0000,0x00000000166e0000)]
  0x0000000002cc0800 JavaThread "main" [_thread_blocked, id=62476, stack(0x0000000002730000,0x0000000002830000)]

Other Threads:
  0x0000000015454000 VMThread [stack: 0x00000000164e0000,0x00000000165e0000] [id=4580]
  0x0000000016b3c000 WatcherThread [stack: 0x00000000171e0000,0x00000000172e0000] [id=12032]

VM state:not at safepoint (normal execution)

VM Mutex/Monitor currently owned by a thread: None

Heap:
 PSYoungGen      total 38400K, used 11338K [0x00000000eab00000, 0x00000000ed580000, 0x0000000100000000)
  eden space 33280K, 34% used [0x00000000eab00000,0x00000000eb612af0,0x00000000ecb80000)
  from space 5120K, 0% used [0x00000000ed080000,0x00000000ed080000,0x00000000ed580000)
  to   space 5120K, 0% used [0x00000000ecb80000,0x00000000ecb80000,0x00000000ed080000)
 ParOldGen       total 87552K, used 0K [0x00000000c0000000, 0x00000000c5580000, 0x00000000eab00000)
  object space 87552K, 0% used [0x00000000c0000000,0x00000000c0000000,0x00000000c5580000)
 Metaspace       used 4931K, capacity 6096K, committed 6272K, reserved 1056768K
  class space    used 524K, capacity 584K, committed 640K, reserved 1048576K

Card table byte_map: [0x0000000012180000,0x0000000012390000] byte_map_base: 0x0000000011b80000

Marking Bits: (ParMarkBitMap*) 0x0000000051489d00
 Begin Bits: [0x00000000128f0000, 0x00000000138f0000)
 End Bits:   [0x00000000138f0000, 0x00000000148f0000)

Polling page: 0x0000000000f20000

CodeCache: size=245760Kb used=2058Kb max_used=2069Kb free=243701Kb
 bounds [0x0000000002dc0000, 0x0000000003030000, 0x0000000011dc0000]
 total_blobs=695 nmethods=434 adapters=175
 compilation: enabled

Compilation events (10 events):
Event: 1.013 Thread 0x0000000016b34000 nmethod 430 0x0000000002fc0a10 code [0x0000000002fc0b60, 0x0000000002fc0c70]
Event: 1.013 Thread 0x0000000016b29000  434   !   4       com.android.dx.util.FixedSizeList::get0 (47 bytes)
Event: 1.013 Thread 0x0000000016b34000  431       1       com.android.dx.cf.code.Frame::getSubroutines (5 bytes)
Event: 1.013 Thread 0x0000000016b34000 nmethod 431 0x0000000002fc0750 code [0x0000000002fc08a0, 0x0000000002fc09b0]
Event: 1.013 Thread 0x0000000016b34000  432   !   3       com.android.dx.cf.code.BytecodeArray::parseInstruction (2764 bytes)
Event: 1.014 Thread 0x0000000016b29000 nmethod 434 0x0000000002fc0490 code [0x0000000002fc05c0, 0x0000000002fc0678]
Event: 1.016 Thread 0x00000000154e8000  444       4       com.android.dx.rop.type.Type::getCategory (36 bytes)
Event: 1.017 Thread 0x00000000154e8000 nmethod 444 0x0000000002fc0290 code [0x0000000002fc03c0, 0x0000000002fc0438]
Event: 1.018 Thread 0x0000000016b29000  450       4       java.util.BitSet::checkInvariants (111 bytes)
Event: 1.018 Thread 0x0000000016b29000 nmethod 450 0x0000000002fc4a90 code [0x0000000002fc4bc0, 0x0000000002fc4c18]

GC Heap History (0 events):
No events

Deoptimization events (1 events):
Event: 0.665 Thread 0x0000000002cc0800 Uncommon trap: reason=unstable_if action=reinterpret pc=0x0000000002f07f90 method=java.lang.String.indexOf(II)I @ 49

Internal exceptions (2 events):
Event: 0.057 Thread 0x0000000002cc0800 Exception <a 'java/lang/NoSuchMethodError': Method sun.misc.Unsafe.defineClass(Ljava/lang/String;[BII)Ljava/lang/Class; name or signature does not match> (0x00000000eab07cc0) thrown at [C:\src\android\AOSP-openjdk\external\jetbrains\jdk\hotspot\src\share\v≈€ãx–˛¨?
Event: 0.057 Thread 0x0000000002cc0800 Exception <a 'java/lang/NoSuchMethodError': Method sun.misc.Unsafe.prefetchRead(Ljava/lang/Object;J)V name or signature does not match> (0x00000000eab07fa8) thrown at [C:\src\android\AOSP-openjdk\external\jetbrains\jdk\hotspot\src\share\vm\prims\jni.cpp, l

Events (10 events):
Event: 1.017 loading class com/android/dx/ssa/back/LivenessAnalyzer$NextFunction
Event: 1.017 loading class com/android/dx/ssa/back/LivenessAnalyzer$NextFunction done
Event: 1.017 loading class com/android/dx/ssa/back/LivenessAnalyzer$1
Event: 1.017 loading class com/android/dx/ssa/back/LivenessAnalyzer$1 done
Event: 1.017 loading class java/lang/NoSuchFieldError
Event: 1.018 loading class java/lang/NoSuchFieldError done
Event: 1.018 loading class java/util/ArrayList$SubList
Event: 1.018 loading class java/util/ArrayList$SubList done
Event: 1.019 loading class com/android/dx/ssa/InterferenceRegisterMapper
Event: 1.019 loading class com/android/dx/ssa/InterferenceRegisterMapper done


Dynamic libraries:
0x00007ff6676c0000 - 0x00007ff6676f1000 	E:\Program Files\Android\Android Studio\jre\bin\java.exe
0x00007ffb035a0000 - 0x00007ffb03761000 	C:\Windows\SYSTEM32\ntdll.dll
0x00007ffb01590000 - 0x00007ffb0163d000 	C:\Windows\system32\KERNEL32.DLL
0x00007ffb00290000 - 0x00007ffb0046d000 	C:\Windows\system32\KERNELBASE.dll
0x00007ffb01cb0000 - 0x00007ffb01d56000 	C:\Windows\system32\ADVAPI32.dll
0x00007ffb01d60000 - 0x00007ffb01dfd000 	C:\Windows\system32\msvcrt.dll
0x00007ffb01520000 - 0x00007ffb0157b000 	C:\Windows\system32\sechost.dll
0x00007ffb01b80000 - 0x00007ffb01ca6000 	C:\Windows\system32\RPCRT4.dll
0x00007ffb03450000 - 0x00007ffb0359e000 	C:\Windows\system32\USER32.dll
0x00007ffb019d0000 - 0x00007ffb01b56000 	C:\Windows\system32\GDI32.dll
0x00007ffaf9f70000 - 0x00007ffafa1e4000 	C:\Windows\WinSxS\amd64_microsoft.windows.common-controls_6595b64144ccf1df_6.0.10240.16384_none_f41f7b285750ef43\COMCTL32.dll
0x00007ffb00c70000 - 0x00007ffb00ca6000 	C:\Windows\system32\IMM32.DLL
0x00007ffb01870000 - 0x00007ffb019cc000 	C:\Windows\system32\MSCTF.dll
0x00000000520f0000 - 0x00000000521c2000 	E:\Program Files\Android\Android Studio\jre\jre\bin\msvcr100.dll
0x0000000050cd0000 - 0x0000000051504000 	E:\Program Files\Android\Android Studio\jre\jre\bin\server\jvm.dll
0x00007ffb01460000 - 0x00007ffb01468000 	C:\Windows\system32\PSAPI.DLL
0x00007ffafe700000 - 0x00007ffafe709000 	C:\Windows\SYSTEM32\WSOCK32.dll
0x00007ffb013f0000 - 0x00007ffb01459000 	C:\Windows\system32\WS2_32.dll
0x00007ffb01580000 - 0x00007ffb01588000 	C:\Windows\system32\NSI.dll
0x00007ffafe540000 - 0x00007ffafe563000 	C:\Windows\SYSTEM32\WINMM.dll
0x00007ffafcf20000 - 0x00007ffafcf2a000 	C:\Windows\SYSTEM32\VERSION.dll
0x00007ffafe220000 - 0x00007ffafe24c000 	C:\Windows\SYSTEM32\WINMMBASE.dll
0x00007ffb00070000 - 0x00007ffb000b4000 	C:\Windows\system32\cfgmgr32.dll
0x00007ffafe940000 - 0x00007ffafe967000 	C:\Windows\SYSTEM32\DEVOBJ.dll
0x00007ffafdb20000 - 0x00007ffafdb2f000 	E:\Program Files\Android\Android Studio\jre\jre\bin\verify.dll
0x00007ffaf5660000 - 0x00007ffaf5689000 	E:\Program Files\Android\Android Studio\jre\jre\bin\java.dll
0x00007ffafda20000 - 0x00007ffafda36000 	E:\Program Files\Android\Android Studio\jre\jre\bin\zip.dll
0x00007ffb01f20000 - 0x00007ffb03442000 	C:\Windows\system32\SHELL32.dll
0x00007ffb00640000 - 0x00007ffb00c68000 	C:\Windows\system32\windows.storage.dll
0x00007ffb00e60000 - 0x00007ffb010dc000 	C:\Windows\system32\combase.dll
0x00007ffb01150000 - 0x00007ffb011a1000 	C:\Windows\system32\shlwapi.dll
0x00007ffb00060000 - 0x00007ffb0006f000 	C:\Windows\system32\kernel.appcore.dll
0x00007ffb00170000 - 0x00007ffb00223000 	C:\Windows\system32\shcore.dll
0x00007ffaffff0000 - 0x00007ffb0003a000 	C:\Windows\system32\powrprof.dll
0x00007ffb00040000 - 0x00007ffb00053000 	C:\Windows\system32\profapi.dll

VM Arguments:
jvm_args: -Djava.awt.headless=true -Xmx1024M -Dfile.encoding=GBK -Duser.country=CN -Duser.language=zh -Duser.variant 
java_command: com.android.dx.command.Main --dex --force-jumbo --num-threads=4 --multi-dex --output E:\B\android-dnote8\app\build\intermediates\transforms\dex\debug\folders\1000\10\com.android.support-support-fragment-25.1.0_936197a49561446509809956f172824fc8a2dac3 E:\B\android-dnote8\app\build\intermediates\exploded-aar\com.android.support\support-fragment\25.1.0\jars\classes.jar
java_class_path (initial): D:\SDK_1\build-tools\25.0.2\lib\dx.jar
Launcher Type: SUN_STANDARD

Environment Variables:
JAVA_HOME=E:\Program Files\Java\jdk1.7.0_01
CLASSPATH=.;E:\Program Files\Java\jdk1.7.0_01\lib\dt.jar;E:\Program Files\Java\jdk1.7.0_01\lib\tools.jar
PATH=;E:\Program Files\Java\jdk1.7.0_01\bin
USERNAME=hp
OS=Windows_NT
PROCESSOR_IDENTIFIER=Intel64 Family 6 Model 69 Stepping 1, GenuineIntel



---------------  S Y S T E M  ---------------

OS: Windows 10.0 , 64 bit Build 10240 (10.0.10240.16384)

CPU:total 4 (2 cores per cpu, 2 threads per core) family 6 model 69 stepping 1, cmov, cx8, fxsr, mmx, sse, sse2, sse3, ssse3, sse4.1, sse4.2, popcnt, avx, avx2, aes, clmul, erms, lzcnt, ht, tsc, tscinvbit, bmi1, bmi2

Memory: 4k page, physical 8317080k(591936k free), swap 22969492k(3636k free)

vm_info: OpenJDK 64-Bit Server VM (25.76-b03) for windows-amd64 JRE (1.8.0_76-release-b03), built on Jun 29 2016 19:09:20 by "ralucas" with MS VC++ 10.0 (VS2010)

time: Sun Jun 18 11:43:09 2017
elapsed time: 1 seconds (0d 0h 0m 1s)

